<?xml version="1.0" encoding="UTF-8"?>
<testng-results ignored="1" total="2" passed="1" failed="0" skipped="0">
  <reporter-output>
  </reporter-output>
  <suite started-at="2023-04-20T10:49:23 IST" name="Default suite" finished-at="2023-04-20T10:49:23 IST" duration-ms="153">
    <groups>
    </groups>
    <test started-at="2023-04-20T10:49:23 IST" name="Default test" finished-at="2023-04-20T10:49:23 IST" duration-ms="153">
      <class name="Practice.RunConfigTest">
        <test-method signature="m()[pri:0, instance:Practice.RunConfigTest@41fecb8b]" started-at="2023-04-20T10:49:23 IST" name="m" finished-at="2023-04-20T10:49:23 IST" duration-ms="20" status="PASS">
          <reporter-output>
          </reporter-output>
        </test-method> <!-- m -->
      </class> <!-- Practice.RunConfigTest -->
    </test> <!-- Default test -->
  </suite> <!-- Default suite -->
</testng-results>
